# JRE version: OpenJDK Runtime Environment (25.0+36) (build 25+36-3489)
# Java VM: OpenJDK 64-Bit Server VM (25+36-3489, mixed mode, sharing, tiered, compressed oops, compressed class ptrs, g1 gc, windows-amd64)
GC Precious Log:
 CardTable entry size: 512
 Card Set container configuration: InlinePtr #cards 4 size 8 Array Of Cards #cards 16 size 48 Howl #buckets 8 coarsen threshold 3686 Howl Bitmap #cards 512 size 80 coarsen threshold 460 Card regions per heap region 1 cards per card region 4096
 CPUs: 4 total, 4 available
 Memory: 16264M
 Large Page Support: Disabled
 NUMA Support: Disabled
 Compressed Oops: Enabled (Zero based)
 Heap Region Size: 2M
 Heap Min Capacity: 8M
 Heap Initial Capacity: 256M
 Heap Max Capacity: 4068M
 Pre-touch: Disabled
 Parallel Workers: 4
 Concurrent Workers: 1
 Concurrent Refinement Workers: 4
 Periodic GC: Disabled
Heap:
 garbage-first heap   total reserved 4165632K, committed 102400K, used 71591K [0x0000000701c00000, 0x0000000800000000)
  region size 2048K, 21 young (43008K), 2 survivors (4096K)
GC Heap Usage History (20 events):
Event: 3.269 {heap Before GC invocations=1 (full 0):
 garbage-first heap   total reserved 4165632K, committed 264192K, used 78850K [0x0000000701c00000, 0x0000000800000000)
  region size 2048K, 37 young (75776K), 2 survivors (4096K)
}
Event: 3.284 {heap After GC invocations=2 (full 0):
 garbage-first heap   total reserved 4165632K, committed 264192K, used 17410K [0x0000000701c00000, 0x0000000800000000)
  region size 2048K, 6 young (12288K), 6 survivors (12288K)
}
Event: 4.471 {heap Before GC invocations=3 (full 0):
 garbage-first heap   total reserved 4165632K, committed 61440K, used 41986K [0x0000000701c00000, 0x0000000800000000)
  region size 2048K, 18 young (36864K), 6 survivors (12288K)
}
Event: 4.493 {heap After GC invocations=4 (full 0):
 garbage-first heap   total reserved 4165632K, committed 61440K, used 19226K [0x0000000701c00000, 0x0000000800000000)
  region size 2048K, 2 young (4096K), 2 survivors (4096K)
}
Event: 5.513 {heap Before GC invocations=4 (full 0):
 garbage-first heap   total reserved 4165632K, committed 61440K, used 41754K [0x0000000701c00000, 0x0000000800000000)
  region size 2048K, 13 young (26624K), 2 survivors (4096K)
}
Event: 5.530 {heap After GC invocations=5 (full 0):
 garbage-first heap   total reserved 4165632K, committed 61440K, used 21693K [0x0000000701c00000, 0x0000000800000000)
  region size 2048K, 2 young (4096K), 2 survivors (4096K)
}
Event: 6.365 {heap Before GC invocations=5 (full 0):
 garbage-first heap   total reserved 4165632K, committed 61440K, used 46269K [0x0000000701c00000, 0x0000000800000000)
  region size 2048K, 14 young (28672K), 2 survivors (4096K)
}
Event: 6.382 {heap After GC invocations=6 (full 0):
 garbage-first heap   total reserved 4165632K, committed 61440K, used 23756K [0x0000000701c00000, 0x0000000800000000)
  region size 2048K, 2 young (4096K), 2 survivors (4096K)
}
Event: 6.487 {heap Before GC invocations=6 (full 0):
 garbage-first heap   total reserved 4165632K, committed 61440K, used 25804K [0x0000000701c00000, 0x0000000800000000)
  region size 2048K, 4 young (8192K), 2 survivors (4096K)
}
Event: 6.499 {heap After GC invocations=7 (full 0):
 garbage-first heap   total reserved 4165632K, committed 61440K, used 24410K [0x0000000701c00000, 0x0000000800000000)
  region size 2048K, 2 young (4096K), 2 survivors (4096K)
}
Event: 7.368 {heap Before GC invocations=8 (full 0):
 garbage-first heap   total reserved 4165632K, committed 61440K, used 46938K [0x0000000701c00000, 0x0000000800000000)
  region size 2048K, 13 young (26624K), 2 survivors (4096K)
}
Event: 7.380 {heap After GC invocations=9 (full 0):
 garbage-first heap   total reserved 4165632K, committed 61440K, used 26488K [0x0000000701c00000, 0x0000000800000000)
  region size 2048K, 2 young (4096K), 2 survivors (4096K)
}
Event: 8.161 {heap Before GC invocations=9 (full 0):
 garbage-first heap   total reserved 4165632K, committed 61440K, used 46968K [0x0000000701c00000, 0x0000000800000000)
  region size 2048K, 13 young (26624K), 2 survivors (4096K)
}
Event: 8.175 {heap After GC invocations=10 (full 0):
 garbage-first heap   total reserved 4165632K, committed 161792K, used 27551K [0x0000000701c00000, 0x0000000800000000)
  region size 2048K, 2 young (4096K), 2 survivors (4096K)
}
Event: 10.137 {heap Before GC invocations=10 (full 0):
 garbage-first heap   total reserved 4165632K, committed 161792K, used 58271K [0x0000000701c00000, 0x0000000800000000)
  region size 2048K, 19 young (38912K), 2 survivors (4096K)
}
Event: 10.146 {heap After GC invocations=11 (full 0):
 garbage-first heap   total reserved 4165632K, committed 161792K, used 28766K [0x0000000701c00000, 0x0000000800000000)
  region size 2048K, 3 young (6144K), 3 survivors (6144K)
}
Event: 12.136 {heap Before GC invocations=12 (full 0):
 garbage-first heap   total reserved 4165632K, committed 102400K, used 84062K [0x0000000701c00000, 0x0000000800000000)
  region size 2048K, 30 young (61440K), 3 survivors (6144K)
}
Event: 12.152 {heap After GC invocations=13 (full 0):
 garbage-first heap   total reserved 4165632K, committed 102400K, used 33770K [0x0000000701c00000, 0x0000000800000000)
  region size 2048K, 4 young (8192K), 4 survivors (8192K)
}
Event: 13.927 {heap Before GC invocations=13 (full 0):
 garbage-first heap   total reserved 4165632K, committed 102400K, used 82922K [0x0000000701c00000, 0x0000000800000000)
  region size 2048K, 29 young (59392K), 4 survivors (8192K)
}
Event: 13.942 {heap After GC invocations=14 (full 0):
 garbage-first heap   total reserved 4165632K, committed 102400K, used 36775K [0x0000000701c00000, 0x0000000800000000)
  region size 2048K, 2 young (4096K), 2 survivors (4096K)
}

